{"timestamp":"2025-06-05T09:21:18.451538","level":"info","event":"DAG bundles loaded: dags-folder, example_dags","logger":"airflow.dag_processing.bundles.manager.DagBundlesManager"}
{"timestamp":"2025-06-05T09:21:18.452676","level":"info","event":"Filling up the DagBag from /opt/airflow/dags/example_query_sqlserver.py","logger":"airflow.models.dagbag.DagBag"}
{"timestamp":"2025-06-05T09:21:18.838851Z","level":"info","event":"Task instance is in running state","chan":"stdout","logger":"task"}
{"timestamp":"2025-06-05T09:21:18.839758Z","level":"info","event":" Previous state of the Task instance: TaskInstanceState.QUEUED","chan":"stdout","logger":"task"}
{"timestamp":"2025-06-05T09:21:20.097039Z","level":"info","event":"Current task name:run_sql_query","chan":"stdout","logger":"task"}
{"timestamp":"2025-06-05T09:21:20.097636Z","level":"info","event":"Dag name:example_query_sqlserver","chan":"stdout","logger":"task"}
{"timestamp":"2025-06-05T09:21:18.740611","level":"info","event":"Secrets backends loaded for worker","count":1,"backend_classes":["EnvironmentVariablesBackend"],"logger":"supervisor"}
{"timestamp":"2025-06-05T09:21:18.845516","level":"info","event":"Connection Retrieved 'mssql_edcl'","logger":"airflow.hooks.base"}
{"timestamp":"2025-06-05T09:21:20.439589","level":"info","event":"Running statement: SELECT TOP 10 * FROM TB_M_USER;, parameters: None","logger":"airflow.task.hooks.airflow.providers.microsoft.mssql.hooks.mssql.MsSqlHook"}
{"timestamp":"2025-06-05T09:21:20.491454Z","level":"info","event":"('3215071001730004', 1, 'TTN ', 'DYFVKAXWbfk+8Bu5faEHwb9LJDqCV4miOi832Pz+H2Y=', 'toyota', 1, 'A', 'System', datetime.datetime(2021, 6, 29, 8, 52, 44, 823000), None, None, 'ABDUL RASMAN', None)","chan":"stdout","logger":"task"}
{"timestamp":"2025-06-05T09:21:20.495071Z","level":"info","event":"('3216181808750005', 1, 'TTN ', 'DYFVKAXWbfk+8Bu5faEHwb9LJDqCV4miOi832Pz+H2Y=', 'toyota', 1, 'A', 'System', datetime.datetime(2021, 6, 29, 8, 52, 44, 823000), None, None, 'ABDUL SOMAD', None)","chan":"stdout","logger":"task"}
{"timestamp":"2025-06-05T09:21:20.501907Z","level":"info","event":"('3216081608840000', 1, 'ALS ', 'DYFVKAXWbfk+8Bu5faEHwb9LJDqCV4miOi832Pz+H2Y=', 'toyota', 1, 'A', 'System', datetime.datetime(2021, 6, 29, 8, 52, 44, 823000), None, None, 'ABDUL WAHAB', None)","chan":"stdout","logger":"task"}
{"timestamp":"2025-06-05T09:21:20.504717Z","level":"info","event":"('3215160307810001', 1, 'TTN ', 'DYFVKAXWbfk+8Bu5faEHwb9LJDqCV4miOi832Pz+H2Y=', 'toyota', 1, 'A', 'System', datetime.datetime(2021, 6, 29, 8, 52, 44, 823000), None, None, 'ACAN BIN BIIS', None)","chan":"stdout","logger":"task"}
{"timestamp":"2025-06-05T09:21:20.506407Z","level":"info","event":"('3215210301890000', 1, 'ALS ', 'DYFVKAXWbfk+8Bu5faEHwb9LJDqCV4miOi832Pz+H2Y=', 'toyota', 1, 'A', 'System', datetime.datetime(2021, 6, 29, 8, 52, 44, 823000), None, None, 'ACE KURNIAWAN', None)","chan":"stdout","logger":"task"}
{"timestamp":"2025-06-05T09:21:20.506939Z","level":"info","event":"('3201191506700067', 1, 'AJL ', 'DYFVKAXWbfk+8Bu5faEHwb9LJDqCV4miOi832Pz+H2Y=', 'toyota', 1, 'A', 'System', datetime.datetime(2021, 6, 29, 8, 52, 44, 823000), None, None, 'ACE SUPRIADI', None)","chan":"stdout","logger":"task"}
{"timestamp":"2025-06-05T09:21:20.507411Z","level":"info","event":"('3216191810830000', 1, 'ALS ', 'DYFVKAXWbfk+8Bu5faEHwb9LJDqCV4miOi832Pz+H2Y=', 'toyota', 1, 'A', 'System', datetime.datetime(2021, 6, 29, 8, 52, 44, 823000), None, None, 'ACENG MULYANA', None)","chan":"stdout","logger":"task"}
{"timestamp":"2025-06-05T09:21:20.508504Z","level":"info","event":"('3216181506720033', 1, 'TTN ', 'DYFVKAXWbfk+8Bu5faEHwb9LJDqCV4miOi832Pz+H2Y=', 'toyota', 1, 'A', 'System', datetime.datetime(2021, 6, 29, 8, 52, 44, 823000), None, None, 'ACEP', None)","chan":"stdout","logger":"task"}
{"timestamp":"2025-06-05T09:21:20.509556Z","level":"info","event":"('3275042506840000', 1, 'ALS ', 'DYFVKAXWbfk+8Bu5faEHwb9LJDqCV4miOi832Pz+H2Y=', 'toyota', 1, 'A', 'System', datetime.datetime(2021, 6, 29, 8, 52, 44, 823000), None, None, 'ADANG WAHYUDI', None)","chan":"stdout","logger":"task"}
{"timestamp":"2025-06-05T09:21:20.515962Z","level":"info","event":"('3215282606870000', 1, 'ALS ', 'DYFVKAXWbfk+8Bu5faEHwb9LJDqCV4miOi832Pz+H2Y=', 'toyota', 1, 'A', 'System', datetime.datetime(2021, 6, 29, 8, 52, 44, 823000), 'Ade hendri putra', datetime.datetime(2021, 9, 22, 10, 6, 9, 697000), 'ADE HENDRI PUTRA', 'fF62oGJJSDie1mijsLNGQg:APA91bGm7pOQvsQP4bz4xUfyPbk1iRvHjNJHbp3WgEu0f-tkakYSLFq_RD1rVS1jsafD_BM-4WbKR_7DyTtCDduOHeHK8gNlnhjv4PGeqDW4nbjnmp9CY7Tz-MrIiyxVAp3PlOvZHJ7i')","chan":"stdout","logger":"task"}
{"timestamp":"2025-06-05T09:21:20.493715","level":"info","event":"Done. Returned value was: None","logger":"airflow.task.operators.airflow.providers.standard.operators.python.PythonOperator"}
{"timestamp":"2025-06-05T09:21:20.517422Z","level":"info","event":"Task instance in success state","chan":"stdout","logger":"task"}
{"timestamp":"2025-06-05T09:21:20.517959Z","level":"info","event":" Previous state of the Task instance: TaskInstanceState.RUNNING","chan":"stdout","logger":"task"}
{"timestamp":"2025-06-05T09:21:20.518375Z","level":"info","event":"Task operator:<Task(PythonOperator): run_sql_query>","chan":"stdout","logger":"task"}
